\BOOKMARK [1][-]{section.1}{\376\377\000I\000n\000t\000r\000o\000d\000u\000c\000t\000i\000o\000n}{}% 1
\BOOKMARK [2][-]{subsection.1.1}{\376\377\000M\000o\000n\000i\000t\000o\000r\000i\000n\000g\000\040\000F\000l\000o\000w}{section.1}% 2
\BOOKMARK [2][-]{subsection.1.2}{\376\377\000E\000x\000i\000s\000t\000i\000n\000g\000\040\000R\000e\000v\000i\000e\000w\000s\000\040\000a\000n\000d\000\040\000T\000h\000e\000i\000r\000\040\000L\000i\000m\000i\000t\000a\000t\000i\000o\000n\000s}{section.1}% 3
\BOOKMARK [2][-]{subsection.1.3}{\376\377\000C\000o\000n\000t\000r\000i\000b\000u\000t\000i\000o\000n\000\040\000a\000n\000d\000\040\000S\000c\000o\000p\000e\000\040\000o\000f\000\040\000T\000h\000i\000s\000\040\000R\000e\000v\000i\000e\000w}{section.1}% 4
\BOOKMARK [2][-]{subsection.1.4}{\376\377\000P\000a\000p\000e\000r\000\040\000O\000r\000g\000a\000n\000i\000s\000a\000t\000i\000o\000n}{section.1}% 5
\BOOKMARK [1][-]{section.2}{\376\377\000S\000y\000s\000t\000e\000m\000a\000t\000i\000c\000\040\000L\000i\000t\000e\000r\000a\000t\000u\000r\000e\000\040\000S\000e\000a\000r\000c\000h}{}% 6
\BOOKMARK [2][-]{subsection.2.1}{\376\377\000S\000e\000a\000r\000c\000h\000\040\000S\000t\000r\000a\000t\000e\000g\000y}{section.2}% 7
\BOOKMARK [2][-]{subsection.2.2}{\376\377\000I\000n\000c\000l\000u\000s\000i\000o\000n\000\040\000a\000n\000d\000\040\000E\000x\000c\000l\000u\000s\000i\000o\000n\000\040\000C\000r\000i\000t\000e\000r\000i\000a}{section.2}% 8
\BOOKMARK [2][-]{subsection.2.3}{\376\377\000S\000e\000a\000r\000c\000h\000\040\000R\000e\000s\000u\000l\000t\000s\000\040\000a\000n\000d\000\040\000P\000R\000I\000S\000M\000A\000\040\000F\000l\000o\000w}{section.2}% 9
\BOOKMARK [1][-]{section.3}{\376\377\000L\000u\000b\000r\000i\000c\000a\000t\000i\000o\000n\000\040\000P\000h\000y\000s\000i\000c\000s\000,\000\040\000M\000o\000d\000e\000l\000s\000\040\000a\000n\000d\000\040\000D\000e\000g\000r\000a\000d\000a\000t\000i\000o\000n\000\040\000M\000e\000c\000h\000a\000n\000i\000s\000m\000s}{}% 10
\BOOKMARK [2][-]{subsection.3.1}{\376\377\000L\000u\000b\000r\000i\000c\000a\000t\000i\000o\000n\000\040\000R\000e\000g\000i\000m\000e\000s}{section.3}% 11
\BOOKMARK [2][-]{subsection.3.2}{\376\377\000T\000h\000e\000\040\000S\000t\000r\000i\000b\000e\000c\000k\000\040\000C\000u\000r\000v\000e\000\040\000a\000n\000d\000\040\000I\000t\000s\000\040\000S\000i\000g\000n\000i\000f\000i\000c\000a\000n\000c\000e\000\040\000f\000o\000r\000\040\000S\000i\000g\000n\000a\000l\000\040\000P\000r\000o\000c\000e\000s\000s\000i\000n\000g}{section.3}% 12
\BOOKMARK [2][-]{subsection.3.3}{\376\377\000H\000a\000m\000r\000o\000c\000k\040\023\000D\000o\000w\000s\000o\000n\000\040\000M\000o\000d\000e\000l}{section.3}% 13
\BOOKMARK [2][-]{subsection.3.4}{\376\377\000-\000R\000a\000t\000i\000o}{section.3}% 14
\BOOKMARK [2][-]{subsection.3.5}{\376\377\000-\000R\000a\000t\000i\000o}{section.3}% 15
\BOOKMARK [2][-]{subsection.3.6}{\376\377\000L\000u\000b\000r\000i\000c\000a\000n\000t\000\040\000D\000e\000g\000r\000a\000d\000a\000t\000i\000o\000n\000\040\000M\000e\000c\000h\000a\000n\000i\000s\000m\000s}{section.3}% 16
\BOOKMARK [1][-]{section.4}{\376\377\000P\000h\000y\000s\000i\000c\000a\000l\000\040\000O\000r\000i\000g\000i\000n\000s\000\040\000o\000f\000\040\000M\000e\000a\000s\000u\000r\000a\000b\000l\000e\000\040\000S\000i\000g\000n\000a\000l\000s}{}% 17
\BOOKMARK [1][-]{section.5}{\376\377\000S\000e\000n\000s\000i\000n\000g\000\040\000M\000e\000t\000h\000o\000d\000s}{}% 18
\BOOKMARK [2][-]{subsection.5.1}{\376\377\000S\000i\000g\000n\000a\000l\000\040\000T\000r\000a\000n\000s\000m\000i\000s\000s\000i\000o\000n\000\040\000P\000a\000t\000h\000\040\000a\000n\000d\000\040\000F\000r\000e\000q\000u\000e\000n\000c\000y\000-\000D\000e\000p\000e\000n\000d\000e\000n\000t\000\040\000A\000t\000t\000e\000n\000u\000a\000t\000i\000o\000n}{section.5}% 19
\BOOKMARK [2][-]{subsection.5.2}{\376\377\000P\000a\000s\000s\000i\000v\000e\000\040\000a\000n\000d\000\040\000N\000o\000n\000-\000I\000n\000v\000a\000s\000i\000v\000e\000\040\000M\000e\000t\000h\000o\000d\000s}{section.5}% 20
\BOOKMARK [3][-]{subsubsection.5.2.1}{\376\377\000A\000c\000o\000u\000s\000t\000i\000c\000\040\000E\000m\000i\000s\000s\000i\000o\000n}{subsection.5.2}% 21
\BOOKMARK [3][-]{subsubsection.5.2.2}{\376\377\000V\000i\000b\000r\000a\000t\000i\000o\000n}{subsection.5.2}% 22
\BOOKMARK [3][-]{subsubsection.5.2.3}{\376\377\000U\000l\000t\000r\000a\000s\000o\000u\000n\000d\000\040\000\050\000>\0002\0000\000k\000H\000z\000\051}{subsection.5.2}% 23
\BOOKMARK [3][-]{subsubsection.5.2.4}{\376\377\000A\000u\000d\000i\000b\000l\000e\000\040\000S\000o\000u\000n\000d\000\040\000\050\0002\0000\000H\000z\040\023\0002\0000\000k\000H\000z\000\051}{subsection.5.2}% 24
\BOOKMARK [3][-]{subsubsection.5.2.5}{\376\377\000T\000h\000e\000r\000m\000a\000l\000\040\000M\000o\000n\000i\000t\000o\000r\000i\000n\000g}{subsection.5.2}% 25
\BOOKMARK [2][-]{subsection.5.3}{\376\377\000A\000c\000t\000i\000v\000e\000\040\000M\000e\000t\000h\000o\000d\000s}{section.5}% 26
\BOOKMARK [3][-]{subsubsection.5.3.1}{\376\377\000A\000c\000t\000i\000v\000e\000\040\000U\000l\000t\000r\000a\000s\000o\000n\000i\000c\000\040\000R\000e\000f\000l\000e\000c\000t\000o\000m\000e\000t\000r\000y}{subsection.5.3}% 27
\BOOKMARK [3][-]{subsubsection.5.3.2}{\376\377\000E\000l\000e\000c\000t\000r\000i\000c\000a\000l\000\040\000M\000e\000t\000h\000o\000d\000s}{subsection.5.3}% 28
\BOOKMARK [3][-]{subsubsection.5.3.3}{\376\377\000S\000u\000r\000f\000a\000c\000e\000\040\000A\000c\000o\000u\000s\000t\000i\000c\000\040\000W\000a\000v\000e\000\040\000S\000e\000n\000s\000i\000n\000g}{subsection.5.3}% 29
\BOOKMARK [3][-]{subsubsection.5.3.4}{\376\377\000O\000p\000t\000i\000c\000a\000l\000\040\000M\000e\000t\000h\000o\000d\000s}{subsection.5.3}% 30
\BOOKMARK [3][-]{subsubsection.5.3.5}{\376\377\000M\000a\000g\000n\000e\000t\000i\000c\000\040\000a\000n\000d\000\040\000I\000n\000d\000u\000c\000t\000i\000v\000e\000\040\000M\000e\000t\000h\000o\000d\000s}{subsection.5.3}% 31
\BOOKMARK [1][-]{section.6}{\376\377\000S\000i\000g\000n\000a\000l\000\040\000P\000r\000o\000c\000e\000s\000s\000i\000n\000g\000\040\000M\000e\000t\000h\000o\000d\000s}{}% 32
\BOOKMARK [2][-]{subsection.6.1}{\376\377\000T\000i\000m\000e\000-\000D\000o\000m\000a\000i\000n\000\040\000S\000t\000a\000t\000i\000s\000t\000i\000c\000a\000l\000\040\000M\000e\000t\000h\000o\000d\000s}{section.6}% 33
\BOOKMARK [3][-]{subsubsection.6.1.1}{\376\377\000S\000t\000a\000n\000d\000a\000r\000d\000\040\000S\000t\000a\000t\000i\000s\000t\000i\000c\000a\000l\000\040\000M\000o\000m\000e\000n\000t\000s\000\040\000a\000n\000d\000\040\000E\000n\000e\000r\000g\000y\000\040\000M\000e\000t\000r\000i\000c\000s}{subsection.6.1}% 34
\BOOKMARK [3][-]{subsubsection.6.1.2}{\376\377\000T\000h\000r\000e\000s\000h\000o\000l\000d\000\040\000M\000e\000t\000h\000o\000d\000s}{subsection.6.1}% 35
\BOOKMARK [2][-]{subsection.6.2}{\376\377\000F\000r\000e\000q\000u\000e\000n\000c\000y\000-\000D\000o\000m\000a\000i\000n\000\040\000M\000e\000t\000h\000o\000d\000s}{section.6}% 36
\BOOKMARK [3][-]{subsubsection.6.2.1}{\376\377\000P\000o\000w\000e\000r\000\040\000S\000p\000e\000c\000t\000r\000a\000l\000\040\000D\000e\000n\000s\000i\000t\000y\000\040\000a\000n\000d\000\040\000B\000e\000a\000r\000i\000n\000g\000\040\000C\000h\000a\000r\000a\000c\000t\000e\000r\000i\000s\000t\000i\000c\000\040\000F\000r\000e\000q\000u\000e\000n\000c\000i\000e\000s}{subsection.6.2}% 37
\BOOKMARK [3][-]{subsubsection.6.2.2}{\376\377\000E\000n\000v\000e\000l\000o\000p\000e\000\040\000A\000n\000a\000l\000y\000s\000i\000s}{subsection.6.2}% 38
\BOOKMARK [3][-]{subsubsection.6.2.3}{\376\377\000H\000i\000g\000h\000e\000r\000-\000O\000r\000d\000e\000r\000\040\000S\000p\000e\000c\000t\000r\000a\000l\000\040\000S\000t\000a\000t\000i\000s\000t\000i\000c\000s\000\040\000a\000n\000d\000\040\000S\000p\000e\000c\000t\000r\000a\000l\000\040\000S\000h\000a\000p\000e\000\040\000D\000e\000s\000c\000r\000i\000p\000t\000o\000r\000s}{subsection.6.2}% 39
\BOOKMARK [3][-]{subsubsection.6.2.4}{\376\377\000F\000r\000a\000c\000t\000i\000o\000n\000a\000l\000-\000O\000c\000t\000a\000v\000e\000\040\000F\000i\000l\000t\000e\000r\000\040\000B\000a\000n\000k\000s}{subsection.6.2}% 40
\BOOKMARK [3][-]{subsubsection.6.2.5}{\376\377\000M\000u\000l\000t\000i\000-\000B\000a\000n\000d\000\040\000H\000i\000t\000-\000R\000a\000t\000e\000\040\000a\000n\000d\000\040\000W\000e\000a\000r\000\040\000P\000a\000r\000t\000i\000c\000l\000e\000\040\000I\000n\000d\000e\000x}{subsection.6.2}% 41
\BOOKMARK [2][-]{subsection.6.3}{\376\377\000T\000i\000m\000e\000-\000F\000r\000e\000q\000u\000e\000n\000c\000y\000\040\000a\000n\000d\000\040\000D\000e\000c\000o\000m\000p\000o\000s\000i\000t\000i\000o\000n\000\040\000M\000e\000t\000h\000o\000d\000s}{section.6}% 42
\BOOKMARK [3][-]{subsubsection.6.3.1}{\376\377\000S\000h\000o\000r\000t\000-\000T\000i\000m\000e\000\040\000F\000o\000u\000r\000i\000e\000r\000\040\000T\000r\000a\000n\000s\000f\000o\000r\000m}{subsection.6.3}% 43
\BOOKMARK [3][-]{subsubsection.6.3.2}{\376\377\000W\000a\000v\000e\000l\000e\000t\000\040\000T\000r\000a\000n\000s\000f\000o\000r\000m}{subsection.6.3}% 44
\BOOKMARK [3][-]{subsubsection.6.3.3}{\376\377\000S\000i\000g\000n\000a\000l\000\040\000D\000e\000c\000o\000m\000p\000o\000s\000i\000t\000i\000o\000n\000\040\000M\000e\000t\000h\000o\000d\000s}{subsection.6.3}% 45
\BOOKMARK [2][-]{subsection.6.4}{\376\377\000S\000i\000g\000n\000a\000l\000\040\000E\000n\000h\000a\000n\000c\000e\000m\000e\000n\000t\000\040\000M\000e\000t\000h\000o\000d\000s}{section.6}% 46
\BOOKMARK [3][-]{subsubsection.6.4.1}{\376\377\000M\000i\000n\000i\000m\000u\000m\000\040\000E\000n\000t\000r\000o\000p\000y\000\040\000D\000e\000c\000o\000n\000v\000o\000l\000u\000t\000i\000o\000n}{subsection.6.4}% 47
\BOOKMARK [2][-]{subsection.6.5}{\376\377\000P\000h\000y\000s\000i\000c\000s\000-\000B\000a\000s\000e\000d\000\040\000a\000n\000d\000\040\000M\000o\000d\000e\000l\000-\000D\000r\000i\000v\000e\000n\000\040\000M\000e\000t\000h\000o\000d\000s}{section.6}% 48
\BOOKMARK [3][-]{subsubsection.6.5.1}{\376\377\000Q\000u\000a\000s\000i\000-\000S\000t\000a\000t\000i\000c\000\040\000S\000p\000r\000i\000n\000g\000-\000L\000a\000y\000e\000r\000\040\000M\000o\000d\000e\000l\000\040\000f\000o\000r\000\040\000U\000l\000t\000r\000a\000s\000o\000n\000i\000c\000\040\000R\000e\000f\000l\000e\000c\000t\000o\000m\000e\000t\000r\000y}{subsection.6.5}% 49
\BOOKMARK [3][-]{subsubsection.6.5.2}{\376\377\000E\000l\000e\000c\000t\000r\000i\000c\000a\000l\000\040\000C\000i\000r\000c\000u\000i\000t\000\040\000M\000o\000d\000e\000l\000s}{subsection.6.5}% 50
\BOOKMARK [3][-]{subsubsection.6.5.3}{\376\377\000K\000a\000p\000p\000a\000\040\000a\000n\000d\000\040\000L\000a\000m\000b\000d\000a\000\040\000a\000s\000\040\000R\000e\000g\000r\000e\000s\000s\000i\000o\000n\000\040\000T\000a\000r\000g\000e\000t\000s}{subsection.6.5}% 51
\BOOKMARK [2][-]{subsection.6.6}{\376\377\000M\000a\000c\000h\000i\000n\000e\000\040\000L\000e\000a\000r\000n\000i\000n\000g\000\040\000a\000n\000d\000\040\000D\000e\000e\000p\000\040\000L\000e\000a\000r\000n\000i\000n\000g}{section.6}% 52
\BOOKMARK [3][-]{subsubsection.6.6.1}{\376\377\000C\000l\000a\000s\000s\000i\000c\000a\000l\000\040\000M\000a\000c\000h\000i\000n\000e\000\040\000L\000e\000a\000r\000n\000i\000n\000g}{subsection.6.6}% 53
\BOOKMARK [3][-]{subsubsection.6.6.2}{\376\377\000D\000e\000e\000p\000\040\000L\000e\000a\000r\000n\000i\000n\000g}{subsection.6.6}% 54
\BOOKMARK [2][-]{subsection.6.7}{\376\377\000M\000u\000l\000t\000i\000-\000S\000e\000n\000s\000o\000r\000\040\000D\000a\000t\000a\000\040\000F\000u\000s\000i\000o\000n}{section.6}% 55
\BOOKMARK [3][-]{subsubsection.6.7.1}{\376\377\000F\000e\000a\000t\000u\000r\000e\000-\000L\000e\000v\000e\000l\000\040\000F\000u\000s\000i\000o\000n}{subsection.6.7}% 56
\BOOKMARK [2][-]{subsection.6.8}{\376\377\000M\000a\000s\000t\000e\000r\000\040\000C\000r\000o\000s\000s\000-\000R\000e\000f\000e\000r\000e\000n\000c\000e\000\040\000M\000a\000t\000r\000i\000x}{section.6}% 57
\BOOKMARK [1][-]{section.7}{\376\377\000C\000o\000m\000p\000a\000r\000a\000t\000i\000v\000e\000\040\000A\000n\000a\000l\000y\000s\000i\000s}{}% 58
\BOOKMARK [2][-]{subsection.7.1}{\376\377\000S\000e\000n\000s\000i\000t\000i\000v\000i\000t\000y\000\040\000t\000o\000\040\000L\000u\000b\000r\000i\000c\000a\000t\000i\000o\000n\000\040\000F\000a\000u\000l\000t\000\040\000T\000y\000p\000e}{section.7}% 59
\BOOKMARK [2][-]{subsection.7.2}{\376\377\000S\000e\000n\000s\000i\000t\000i\000v\000i\000t\000y\000\040\000t\000o\000\040\000O\000p\000e\000r\000a\000t\000i\000n\000g\000\040\000C\000o\000n\000d\000i\000t\000i\000o\000n\000s}{section.7}% 60
\BOOKMARK [2][-]{subsection.7.3}{\376\377\000P\000r\000a\000c\000t\000i\000c\000a\000l\000\040\000D\000e\000p\000l\000o\000y\000m\000e\000n\000t\000\040\000R\000e\000q\000u\000i\000r\000e\000m\000e\000n\000t\000s}{section.7}% 61
\BOOKMARK [2][-]{subsection.7.4}{\376\377\000T\000e\000c\000h\000n\000o\000l\000o\000g\000y\000\040\000M\000a\000t\000u\000r\000i\000t\000y}{section.7}% 62
\BOOKMARK [2][-]{subsection.7.5}{\376\377\000S\000u\000m\000m\000a\000r\000y\000\040\000o\000f\000\040\000C\000o\000m\000p\000a\000r\000a\000t\000i\000v\000e\000\040\000F\000i\000n\000d\000i\000n\000g\000s}{section.7}% 63
\BOOKMARK [1][-]{section.8}{\376\377\000R\000e\000s\000e\000a\000r\000c\000h\000\040\000G\000a\000p\000s\000\040\000a\000n\000d\000\040\000F\000u\000t\000u\000r\000e\000\040\000D\000i\000r\000e\000c\000t\000i\000o\000n\000s}{}% 64
\BOOKMARK [2][-]{subsection.8.1}{\376\377\000A\000b\000s\000e\000n\000c\000e\000\040\000o\000f\000\040\000S\000t\000a\000n\000d\000a\000r\000d\000i\000s\000e\000d\000\040\000B\000e\000n\000c\000h\000m\000a\000r\000k\000\040\000D\000a\000t\000a\000s\000e\000t\000s}{section.8}% 65
\BOOKMARK [2][-]{subsection.8.2}{\376\377\000S\000p\000e\000e\000d\000-\000\040\000a\000n\000d\000\040\000L\000o\000a\000d\000-\000I\000n\000v\000a\000r\000i\000a\000n\000t\000\040\000S\000i\000g\000n\000a\000l\000\040\000P\000r\000o\000c\000e\000s\000s\000i\000n\000g}{section.8}% 66
\BOOKMARK [2][-]{subsection.8.3}{\376\377\000G\000r\000e\000a\000s\000e\000\040\000L\000u\000b\000r\000i\000c\000a\000t\000i\000o\000n\000\040\000M\000o\000n\000i\000t\000o\000r\000i\000n\000g\000\040\000I\000s\000\040\000U\000n\000d\000e\000r\000e\000x\000p\000l\000o\000r\000e\000d}{section.8}% 67
\BOOKMARK [2][-]{subsection.8.4}{\376\377\000M\000a\000i\000n\000t\000e\000n\000a\000n\000c\000e\000\040\000D\000e\000c\000i\000s\000i\000o\000n\000\040\000I\000n\000t\000e\000g\000r\000a\000t\000i\000o\000n}{section.8}% 68
\BOOKMARK [2][-]{subsection.8.5}{\376\377\000M\000u\000l\000t\000i\000-\000S\000e\000n\000s\000o\000r\000\040\000F\000u\000s\000i\000o\000n\000\040\000f\000o\000r\000\040\000P\000a\000s\000s\000i\000v\000e\000,\000\040\000N\000o\000n\000-\000I\000n\000v\000a\000s\000i\000v\000e\000\040\000S\000e\000n\000s\000i\000n\000g}{section.8}% 69
\BOOKMARK [2][-]{subsection.8.6}{\376\377\000S\000e\000l\000f\000-\000S\000u\000p\000e\000r\000v\000i\000s\000e\000d\000\040\000a\000n\000d\000\040\000F\000o\000u\000n\000d\000a\000t\000i\000o\000n\000\040\000M\000o\000d\000e\000l\000\040\000A\000p\000p\000r\000o\000a\000c\000h\000e\000s\000\040\000f\000o\000r\000\040\000D\000a\000t\000a\000-\000S\000c\000a\000r\000c\000e\000\040\000L\000C\000M}{section.8}% 70
\BOOKMARK [1][-]{section.9}{\376\377\000C\000o\000n\000c\000l\000u\000s\000i\000o\000n}{}% 71
\BOOKMARK [1][-]{section.9}{\376\377\000R\000e\000f\000e\000r\000e\000n\000c\000e\000s}{}% 72
